2023/11/08 13:08:22 Received {c0 n0 {"type":"init","node_id":"n0","node_ids":["n0","n1","n2"],"msg_id":1}}
2023/11/08 13:08:22 Node n0 initialized
2023/11/08 13:08:22 Sent {"src":"n0","dest":"c0","body":{"in_reply_to":1,"type":"init_ok"}}
2023/11/08 13:08:22 Received {c6 n0 {"delta":4,"type":"add","msg_id":1}}
2023/11/08 13:08:22 Sent {"src":"n0","dest":"seq-kv","body":{"key":"key","msg_id":1,"type":"read"}}
2023/11/08 13:08:22 Received {seq-kv n0 {"type":"error","code":20,"text":"key does not exist","in_reply_to":1}}
2023/11/08 13:08:22 Sent {"src":"n0","dest":"seq-kv","body":{"create_if_not_exists":true,"from":0,"key":"key","msg_id":2,"to":4,"type":"cas"}}
2023/11/08 13:08:22 Received {seq-kv n0 {"type":"cas_ok","in_reply_to":2}}
2023/11/08 13:08:22 Sent {"src":"n0","dest":"c6","body":{"in_reply_to":1,"type":"add_ok"}}
2023/11/08 13:08:22 Received {c6 n0 {"delta":2,"type":"add","msg_id":2}}
2023/11/08 13:08:22 Sent {"src":"n0","dest":"seq-kv","body":{"key":"key","msg_id":3,"type":"read"}}
2023/11/08 13:08:22 Received {seq-kv n0 {"type":"read_ok","value":4,"in_reply_to":3}}
2023/11/08 13:08:27 Received {c11 n0 {"type":"read","msg_id":1}}
2023/11/08 13:08:27 Sent {"src":"n0","dest":"seq-kv","body":{"key":"key","msg_id":4,"type":"read"}}
2023/11/08 13:08:27 Received {seq-kv n0 {"type":"read_ok","value":4,"in_reply_to":4}}
2023/11/08 13:08:32 Received {c14 n0 {"type":"read","msg_id":1}}
2023/11/08 13:08:32 Sent {"src":"n0","dest":"seq-kv","body":{"key":"key","msg_id":5,"type":"read"}}
2023/11/08 13:08:32 Received {seq-kv n0 {"type":"read_ok","value":4,"in_reply_to":5}}
2023/11/08 13:08:37 Received {c17 n0 {"type":"read","msg_id":1}}
2023/11/08 13:08:37 Sent {"src":"n0","dest":"seq-kv","body":{"key":"key","msg_id":6,"type":"read"}}
2023/11/08 13:08:37 Received {seq-kv n0 {"type":"read_ok","value":4,"in_reply_to":6}}
2023/11/08 13:08:53 Received {c21 n0 {"type":"read","msg_id":1}}
2023/11/08 13:08:53 Sent {"src":"n0","dest":"seq-kv","body":{"key":"key","msg_id":7,"type":"read"}}
2023/11/08 13:08:53 Received {seq-kv n0 {"type":"read_ok","value":4,"in_reply_to":7}}
