2023/11/08 13:12:58 Received {c1 n2 {"type":"init","node_id":"n2","node_ids":["n0","n1","n2"],"msg_id":1}}
2023/11/08 13:12:58 Node n2 initialized
2023/11/08 13:12:58 Sent {"src":"n2","dest":"c1","body":{"in_reply_to":1,"type":"init_ok"}}
2023/11/08 13:12:58 Received {c7 n2 {"delta":4,"type":"add","msg_id":1}}
2023/11/08 13:12:58 Sent {"src":"n2","dest":"seq-kv","body":{"key":"key","msg_id":1,"type":"read"}}
2023/11/08 13:12:58 Received {seq-kv n2 {"type":"error","code":20,"text":"key does not exist","in_reply_to":1}}
2023/11/08 13:12:58 Sent {"src":"n2","dest":"seq-kv","body":{"create_if_not_exists":true,"from":0,"key":"key","msg_id":2,"to":4,"type":"cas"}}
2023/11/08 13:12:58 Received {seq-kv n2 {"type":"error","code":22,"text":"current value 3 is not 0","in_reply_to":2}}
2023/11/08 13:12:58 Sent {"src":"n2","dest":"c7","body":{"code":22,"in_reply_to":1,"text":"current value 3 is not 0","type":"error"}}
2023/11/08 13:12:58 Received {c9 n2 {"type":"read","msg_id":1}}
2023/11/08 13:12:58 Sent {"src":"n2","dest":"seq-kv","body":{"key":"key","msg_id":3,"type":"read"}}
2023/11/08 13:12:58 Received {seq-kv n2 {"type":"read_ok","value":3,"in_reply_to":3}}
2023/11/08 13:13:03 Received {c12 n2 {"delta":2,"type":"add","msg_id":1}}
2023/11/08 13:13:03 Sent {"src":"n2","dest":"seq-kv","body":{"key":"key","msg_id":4,"type":"read"}}
2023/11/08 13:13:03 Received {seq-kv n2 {"type":"read_ok","value":3,"in_reply_to":4}}
2023/11/08 13:13:08 Received {c15 n2 {"type":"read","msg_id":1}}
2023/11/08 13:13:08 Sent {"src":"n2","dest":"seq-kv","body":{"key":"key","msg_id":5,"type":"read"}}
2023/11/08 13:13:08 Received {seq-kv n2 {"type":"read_ok","value":3,"in_reply_to":5}}
2023/11/08 13:13:13 Received {c18 n2 {"type":"read","msg_id":1}}
2023/11/08 13:13:13 Sent {"src":"n2","dest":"seq-kv","body":{"key":"key","msg_id":6,"type":"read"}}
2023/11/08 13:13:13 Received {seq-kv n2 {"type":"read_ok","value":3,"in_reply_to":6}}
2023/11/08 13:13:28 Received {c19 n2 {"type":"read","msg_id":1}}
2023/11/08 13:13:28 Sent {"src":"n2","dest":"seq-kv","body":{"key":"key","msg_id":7,"type":"read"}}
2023/11/08 13:13:28 Received {seq-kv n2 {"type":"read_ok","value":3,"in_reply_to":7}}
