2023/11/08 13:13:51 Received {c1 n1 {"type":"init","node_id":"n1","node_ids":["n0","n1","n2"],"msg_id":1}}
2023/11/08 13:13:51 Node n1 initialized
2023/11/08 13:13:51 Sent {"src":"n1","dest":"c1","body":{"in_reply_to":1,"type":"init_ok"}}
2023/11/08 13:13:51 Received {c6 n1 {"type":"read","msg_id":1}}
2023/11/08 13:13:51 Sent {"src":"n1","dest":"seq-kv","body":{"key":"key","msg_id":1,"type":"read"}}
2023/11/08 13:13:51 Received {seq-kv n1 {"type":"error","code":20,"text":"key does not exist","in_reply_to":1}}
2023/11/08 13:13:51 Sent {"src":"n1","dest":"c6","body":{"in_reply_to":1,"type":"read_ok","value":0}}
2023/11/08 13:13:51 Received {c6 n1 {"type":"read","msg_id":2}}
2023/11/08 13:13:51 Sent {"src":"n1","dest":"seq-kv","body":{"key":"key","msg_id":2,"type":"read"}}
2023/11/08 13:13:51 Received {seq-kv n1 {"type":"error","code":20,"text":"key does not exist","in_reply_to":2}}
2023/11/08 13:13:51 Sent {"src":"n1","dest":"c6","body":{"in_reply_to":2,"type":"read_ok","value":0}}
2023/11/08 13:13:51 Received {c6 n1 {"delta":1,"type":"add","msg_id":3}}
2023/11/08 13:13:51 Sent {"src":"n1","dest":"seq-kv","body":{"key":"key","msg_id":3,"type":"read"}}
2023/11/08 13:13:51 Received {seq-kv n1 {"type":"error","code":20,"text":"key does not exist","in_reply_to":3}}
2023/11/08 13:13:51 Sent {"src":"n1","dest":"seq-kv","body":{"create_if_not_exists":true,"from":0,"key":"key","msg_id":4,"to":1,"type":"cas"}}
2023/11/08 13:13:51 Received {seq-kv n1 {"type":"error","code":22,"text":"current value 2 is not 0","in_reply_to":4}}
2023/11/08 13:13:51 Sent {"src":"n1","dest":"c6","body":{"code":22,"in_reply_to":3,"text":"current value 2 is not 0","type":"error"}}
2023/11/08 13:13:51 Received {c9 n1 {"type":"read","msg_id":1}}
2023/11/08 13:13:51 Sent {"src":"n1","dest":"seq-kv","body":{"key":"key","msg_id":5,"type":"read"}}
2023/11/08 13:13:51 Received {seq-kv n1 {"type":"read_ok","value":2,"in_reply_to":5}}
2023/11/08 13:13:56 Received {c12 n1 {"type":"read","msg_id":1}}
2023/11/08 13:13:56 Sent {"src":"n1","dest":"seq-kv","body":{"key":"key","msg_id":6,"type":"read"}}
2023/11/08 13:13:56 Received {seq-kv n1 {"type":"read_ok","value":2,"in_reply_to":6}}
